<?xml version="1.0" encoding="UTF-8"?>
<testsuite xmlns:xsi="http://www.w3.org/2001/XMLSchema-instance" xsi:noNamespaceSchemaLocation="https://maven.apache.org/surefire/maven-surefire-plugin/xsd/surefire-test-report.xsd" version="3.0.2" name="com.example.FIrstProject.FIrstProjectApplicationTests" time="11.557" tests="2" errors="0" skipped="0" failures="0">
  <properties>
[...]
</properties>
  <testcase name="serviceSaludo" classname="com.example.FIrstProject.FIrstProjectApplicationTests" time="2.734">
    <system-out><![CDATA[02:06:40.989 [main] INFO org.springframework.test.context.support.AnnotationConfigContextLoaderUtils -- Could not detect default configuration classes for test class [com.example.FIrstProject.FIrstProjectApplicationTests]: FIrstProjectApplicationTests does not declare any static, non-private, non-final, nested classes annotated with @Configuration.
02:06:41.319 [main] INFO org.springframework.boot.test.context.SpringBootTestContextBootstrapper -- Found @SpringBootConfiguration com.example.FIrstProject.FIrstProjectApplication for test class com.example.FIrstProject.FIrstProjectApplicationTests
02:06:41.850 [main] INFO org.springframework.boot.devtools.restart.RestartApplicationListener -- Restart disabled due to context in which it is running

  .   ____          _            __ _ _
 /\\ / ___'_ __ _ _(_)_ __  __ _ \ \ \ \
( ( )\___ | '_ | '_| | '_ \/ _` | \ \ \ \
 \\/  ___)| |_)| | | | | || (_| |  ) ) ) )
  '  |____| .__|_| |_|_| |_\__, | / / / /
 =========|_|==============|___/=/_/_/_/

 :: Spring Boot ::                (v3.4.5)

2025-05-04T02:06:42.867-05:00  INFO 14916 --- [FIrstProject] [           main] c.e.F.FIrstProjectApplicationTests       : Starting FIrstProjectApplicationTests using Java 23 with PID 14916 (started by ASUS in D:\FIrstProject\FIrstProject)
2025-05-04T02:06:42.870-05:00  INFO 14916 --- [FIrstProject] [           main] c.e.F.FIrstProjectApplicationTests       : No active profile set, falling back to 1 default profile: "default"
2025-05-04T02:06:49.330-05:00  INFO 14916 --- [FIrstProject] [           main] c.e.F.FIrstProjectApplicationTests       : Started FIrstProjectApplicationTests in 7.506 seconds (process running for 10.72)
]]></system-out>
    <system-err><![CDATA[Mockito is currently self-attaching to enable the inline-mock-maker. This will no longer work in future releases of the JDK. Please add Mockito as an agent to your build what is described in Mockito's documentation: https://javadoc.io/doc/org.mockito/mockito-core/latest/org/mockito/Mockito.html#0.3
WARNING: A Java agent has been loaded dynamically (C:\Users\ASUS\.m2\repository\net\bytebuddy\byte-buddy-agent\1.15.11\byte-buddy-agent-1.15.11.jar)
WARNING: If a serviceability tool is in use, please run with -XX:+EnableDynamicAgentLoading to hide this warning
WARNING: If a serviceability tool is not in use, please run with -Djdk.instrument.traceUsage for more information
WARNING: Dynamic loading of agents will be disallowed by default in a future release
]]></system-err>
  </testcase>
  <testcase name="contextLoads" classname="com.example.FIrstProject.FIrstProjectApplicationTests" time="0.008"/>
</testsuite>